# JRE version: Java(TM) SE Runtime Environment (17.0.12+8) (build 17.0.12+8-LTS-286)
# Java VM: Java HotSpot(TM) 64-Bit Server VM (17.0.12+8-LTS-286, mixed mode, sharing, tiered, compressed oops, compressed class ptrs, g1 gc, windows-amd64)
GC Precious Log:
 CPUs: 8 total, 8 available
 Memory: 16258M
 Large Page Support: Disabled
 NUMA Support: Disabled
 Compressed Oops: Enabled (Zero based)
 Heap Region Size: 2M
 Heap Min Capacity: 8M
 Heap Initial Capacity: 256M
 Heap Max Capacity: 4066M
 Pre-touch: Disabled
 Parallel Workers: 8
 Concurrent Workers: 2
 Concurrent Refinement Workers: 8
 Periodic GC: Disabled
Heap:
 garbage-first heap   total 368640K, used 241223K [0x0000000701e00000, 0x0000000800000000)
  region size 2048K, 57 young (116736K), 2 survivors (4096K)
 Metaspace       used 111138K, committed 112064K, reserved 1179648K
  class space    used 13607K, committed 14080K, reserved 1048576K
GC Heap History (20 events):
Event: 1465.528 GC heap before
{Heap before GC invocations=54 (full 0):
 garbage-first heap   total 368640K, used 321293K [0x0000000701e00000, 0x0000000800000000)
  region size 2048K, 97 young (198656K), 2 survivors (4096K)
 Metaspace       used 108814K, committed 109568K, reserved 1179648K
  class space    used 13363K, committed 13760K, reserved 1048576K
}
Event: 1465.537 GC heap after
{Heap after GC invocations=55 (full 0):
 garbage-first heap   total 368640K, used 129085K [0x0000000701e00000, 0x0000000800000000)
  region size 2048K, 2 young (4096K), 2 survivors (4096K)
 Metaspace       used 108814K, committed 109568K, reserved 1179648K
  class space    used 13363K, committed 13760K, reserved 1048576K
}
Event: 1523.639 GC heap before
{Heap before GC invocations=55 (full 0):
 garbage-first heap   total 368640K, used 321597K [0x0000000701e00000, 0x0000000800000000)
  region size 2048K, 97 young (198656K), 2 survivors (4096K)
 Metaspace       used 109048K, committed 109824K, reserved 1179648K
  class space    used 13364K, committed 13760K, reserved 1048576K
}
Event: 1523.652 GC heap after
{Heap after GC invocations=56 (full 0):
 garbage-first heap   total 368640K, used 129597K [0x0000000701e00000, 0x0000000800000000)
  region size 2048K, 2 young (4096K), 2 survivors (4096K)
 Metaspace       used 109048K, committed 109824K, reserved 1179648K
  class space    used 13364K, committed 13760K, reserved 1048576K
}
Event: 1537.320 GC heap before
{Heap before GC invocations=56 (full 0):
 garbage-first heap   total 368640K, used 324157K [0x0000000701e00000, 0x0000000800000000)
  region size 2048K, 97 young (198656K), 2 survivors (4096K)
 Metaspace       used 109132K, committed 109952K, reserved 1179648K
  class space    used 13365K, committed 13760K, reserved 1048576K
}
Event: 1537.337 GC heap after
{Heap after GC invocations=57 (full 0):
 garbage-first heap   total 368640K, used 129162K [0x0000000701e00000, 0x0000000800000000)
  region size 2048K, 2 young (4096K), 2 survivors (4096K)
 Metaspace       used 109132K, committed 109952K, reserved 1179648K
  class space    used 13365K, committed 13760K, reserved 1048576K
}
Event: 1753.897 GC heap before
{Heap before GC invocations=57 (full 0):
 garbage-first heap   total 368640K, used 323722K [0x0000000701e00000, 0x0000000800000000)
  region size 2048K, 97 young (198656K), 2 survivors (4096K)
 Metaspace       used 109218K, committed 110016K, reserved 1179648K
  class space    used 13365K, committed 13760K, reserved 1048576K
}
Event: 1753.905 GC heap after
{Heap after GC invocations=58 (full 0):
 garbage-first heap   total 368640K, used 129011K [0x0000000701e00000, 0x0000000800000000)
  region size 2048K, 2 young (4096K), 2 survivors (4096K)
 Metaspace       used 109218K, committed 110016K, reserved 1179648K
  class space    used 13365K, committed 13760K, reserved 1048576K
}
Event: 1997.069 GC heap before
{Heap before GC invocations=58 (full 0):
 garbage-first heap   total 368640K, used 325619K [0x0000000701e00000, 0x0000000800000000)
  region size 2048K, 98 young (200704K), 2 survivors (4096K)
 Metaspace       used 109359K, committed 110144K, reserved 1179648K
  class space    used 13370K, committed 13760K, reserved 1048576K
}
Event: 1997.080 GC heap after
{Heap after GC invocations=59 (full 0):
 garbage-first heap   total 368640K, used 129525K [0x0000000701e00000, 0x0000000800000000)
  region size 2048K, 2 young (4096K), 2 survivors (4096K)
 Metaspace       used 109359K, committed 110144K, reserved 1179648K
  class space    used 13370K, committed 13760K, reserved 1048576K
}
Event: 2229.575 GC heap before
{Heap before GC invocations=59 (full 0):
 garbage-first heap   total 368640K, used 326133K [0x0000000701e00000, 0x0000000800000000)
  region size 2048K, 98 young (200704K), 2 survivors (4096K)
 Metaspace       used 109369K, committed 110144K, reserved 1179648K
  class space    used 13370K, committed 13760K, reserved 1048576K
}
Event: 2229.584 GC heap after
{Heap after GC invocations=60 (full 0):
 garbage-first heap   total 368640K, used 129597K [0x0000000701e00000, 0x0000000800000000)
  region size 2048K, 2 young (4096K), 2 survivors (4096K)
 Metaspace       used 109369K, committed 110144K, reserved 1179648K
  class space    used 13370K, committed 13760K, reserved 1048576K
}
Event: 2387.660 GC heap before
{Heap before GC invocations=60 (full 0):
 garbage-first heap   total 368640K, used 324157K [0x0000000701e00000, 0x0000000800000000)
  region size 2048K, 98 young (200704K), 2 survivors (4096K)
 Metaspace       used 110989K, committed 111936K, reserved 1179648K
  class space    used 13607K, committed 14080K, reserved 1048576K
}
Event: 2387.673 GC heap after
{Heap after GC invocations=61 (full 0):
 garbage-first heap   total 368640K, used 130776K [0x0000000701e00000, 0x0000000800000000)
  region size 2048K, 3 young (6144K), 3 survivors (6144K)
 Metaspace       used 110989K, committed 111936K, reserved 1179648K
  class space    used 13607K, committed 14080K, reserved 1048576K
}
Event: 2622.313 GC heap before
{Heap before GC invocations=61 (full 0):
 garbage-first heap   total 368640K, used 323288K [0x0000000701e00000, 0x0000000800000000)
  region size 2048K, 97 young (198656K), 3 survivors (6144K)
 Metaspace       used 111058K, committed 112000K, reserved 1179648K
  class space    used 13607K, committed 14080K, reserved 1048576K
}
Event: 2622.326 GC heap after
{Heap after GC invocations=62 (full 0):
 garbage-first heap   total 368640K, used 130563K [0x0000000701e00000, 0x0000000800000000)
  region size 2048K, 2 young (4096K), 2 survivors (4096K)
 Metaspace       used 111058K, committed 112000K, reserved 1179648K
  class space    used 13607K, committed 14080K, reserved 1048576K
}
Event: 2864.313 GC heap before
{Heap before GC invocations=62 (full 0):
 garbage-first heap   total 368640K, used 323075K [0x0000000701e00000, 0x0000000800000000)
  region size 2048K, 97 young (198656K), 2 survivors (4096K)
 Metaspace       used 111068K, committed 112000K, reserved 1179648K
  class space    used 13607K, committed 14080K, reserved 1048576K
}
Event: 2864.324 GC heap after
{Heap after GC invocations=63 (full 0):
 garbage-first heap   total 368640K, used 130762K [0x0000000701e00000, 0x0000000800000000)
  region size 2048K, 2 young (4096K), 2 survivors (4096K)
 Metaspace       used 111068K, committed 112000K, reserved 1179648K
  class space    used 13607K, committed 14080K, reserved 1048576K
}
Event: 3097.312 GC heap before
{Heap before GC invocations=63 (full 0):
 garbage-first heap   total 368640K, used 323274K [0x0000000701e00000, 0x0000000800000000)
  region size 2048K, 96 young (196608K), 2 survivors (4096K)
 Metaspace       used 111094K, committed 112000K, reserved 1179648K
  class space    used 13607K, committed 14080K, reserved 1048576K
}
Event: 3097.321 GC heap after
{Heap after GC invocations=64 (full 0):
 garbage-first heap   total 368640K, used 130631K [0x0000000701e00000, 0x0000000800000000)
  region size 2048K, 2 young (4096K), 2 survivors (4096K)
 Metaspace       used 111094K, committed 112000K, reserved 1179648K
  class space    used 13607K, committed 14080K, reserved 1048576K
}

